<?xml version="1.0" encoding="UTF-8"?>
<testsuite xmlns:xsi="http://www.w3.org/2001/XMLSchema-instance" xsi:noNamespaceSchemaLocation="https://maven.apache.org/surefire/maven-surefire-plugin/xsd/surefire-test-report.xsd" name="TestSmokeWebDriver.P4_Sections_menu.P5_Packages_FRESH_at_16_08_21.Test_01_PACKAGES_Go_to_package_FRESH" time="5.354" tests="1" errors="1" skipped="0" failures="0">
  <properties>
    <property name="sun.desktop" value="windows"/>
    <property name="awt.toolkit" value="sun.awt.windows.WToolkit"/>
    <property name="java.specification.version" value="11"/>
    <property name="sun.cpu.isalist" value="amd64"/>
    <property name="sun.jnu.encoding" value="Cp1251"/>
    <property name="java.class.path" value="C:\QA_AUTOMATION\MFTV_Web_Desktop_Smoke_JUnit5_only\WebDriver\target\test-classes;C:\QA_AUTOMATION\MFTV_Web_Desktop_Smoke_JUnit5_only\WebDriver\target\classes;C:\Users\Mikhailnt\.m2\repository\junit\junit\4.13.2\junit-4.13.2.jar;C:\Users\Mikhailnt\.m2\repository\org\hamcrest\hamcrest-core\1.3\hamcrest-core-1.3.jar;C:\Users\Mikhailnt\.m2\repository\io\github\bonigarcia\webdrivermanager\5.0.3\webdrivermanager-5.0.3.jar;C:\Users\Mikhailnt\.m2\repository\org\slf4j\slf4j-api\1.7.32\slf4j-api-1.7.32.jar;C:\Users\Mikhailnt\.m2\repository\com\google\code\gson\gson\2.8.8\gson-2.8.8.jar;C:\Users\Mikhailnt\.m2\repository\org\jsoup\jsoup\1.14.2\jsoup-1.14.2.jar;C:\Users\Mikhailnt\.m2\repository\com\github\docker-java\docker-java\3.2.12\docker-java-3.2.12.jar;C:\Users\Mikhailnt\.m2\repository\com\github\docker-java\docker-java\docker-java\3.2.12\docker-java-3.2.12.jar;C:\Users\Mikhailnt\.m2\repository\org\slf4j\jcl-over-slf4j\1.7.30\jcl-over-slf4j-1.7.30.jar;C:\Users\Mikhailnt\.m2\repository\com\github\docker-java\docker-java\docker-java-api\3.2.12\docker-java-api-3.2.12.jar;C:\Users\Mikhailnt\.m2\repository\com\github\docker-java\docker-java\docker-java-core\3.2.12\docker-java-core-3.2.12.jar;C:\Users\Mikhailnt\.m2\repository\commons-io\commons-io\2.6\commons-io-2.6.jar;C:\Users\Mikhailnt\.m2\repository\commons-lang\commons-lang\2.6\commons-lang-2.6.jar;C:\Users\Mikhailnt\.m2\repository\org\bouncycastle\bcpkix-jdk15on\1.64\bcpkix-jdk15on-1.64.jar;C:\Users\Mikhailnt\.m2\repository\org\bouncycastle\bcprov-jdk15on\1.64\bcprov-jdk15on-1.64.jar;C:\Users\Mikhailnt\.m2\repository\com\github\docker-java\docker-java\docker-java-transport\3.2.12\docker-java-transport-3.2.12.jar;C:\Users\Mikhailnt\.m2\repository\com\github\docker-java\docker-java\docker-java-transport-httpclient5\3.2.12\docker-java-transport-httpclient5-3.2.12.jar;C:\Users\Mikhailnt\.m2\repository\com\github\docker-java\docker-java\docker-java-transport-jersey\3.2.12\docker-java-transport-jersey-3.2.12.jar;C:\Users\Mikhailnt\.m2\repository\com\fasterxml\jackson\jaxrs\jackson-jaxrs-json-provider\2.10.3\jackson-jaxrs-json-provider-2.10.3.jar;C:\Users\Mikhailnt\.m2\repository\com\fasterxml\jackson\jaxrs\jackson-jaxrs-base\2.10.3\jackson-jaxrs-base-2.10.3.jar;C:\Users\Mikhailnt\.m2\repository\com\fasterxml\jackson\module\jackson-module-jaxb-annotations\2.10.3\jackson-module-jaxb-annotations-2.10.3.jar;C:\Users\Mikhailnt\.m2\repository\org\glassfish\jersey\connectors\jersey-apache-connector\2.30.1\jersey-apache-connector-2.30.1.jar;C:\Users\Mikhailnt\.m2\repository\org\glassfish\jersey\core\jersey-common\2.30.1\jersey-common-2.30.1.jar;C:\Users\Mikhailnt\.m2\repository\jakarta\annotation\jakarta.annotation-api\1.3.5\jakarta.annotation-api-1.3.5.jar;C:\Users\Mikhailnt\.m2\repository\org\glassfish\hk2\osgi-resource-locator\1.0.3\osgi-resource-locator-1.0.3.jar;C:\Users\Mikhailnt\.m2\repository\com\sun\activation\jakarta.activation\1.2.1\jakarta.activation-1.2.1.jar;C:\Users\Mikhailnt\.m2\repository\jakarta\ws\rs\jakarta.ws.rs-api\2.1.6\jakarta.ws.rs-api-2.1.6.jar;C:\Users\Mikhailnt\.m2\repository\org\glassfish\jersey\core\jersey-client\2.30.1\jersey-client-2.30.1.jar;C:\Users\Mikhailnt\.m2\repository\org\glassfish\hk2\external\jakarta.inject\2.6.1\jakarta.inject-2.6.1.jar;C:\Users\Mikhailnt\.m2\repository\org\glassfish\jersey\inject\jersey-hk2\2.30.1\jersey-hk2-2.30.1.jar;C:\Users\Mikhailnt\.m2\repository\org\glassfish\hk2\hk2-locator\2.6.1\hk2-locator-2.6.1.jar;C:\Users\Mikhailnt\.m2\repository\org\glassfish\hk2\external\aopalliance-repackaged\2.6.1\aopalliance-repackaged-2.6.1.jar;C:\Users\Mikhailnt\.m2\repository\org\glassfish\hk2\hk2-api\2.6.1\hk2-api-2.6.1.jar;C:\Users\Mikhailnt\.m2\repository\org\glassfish\hk2\hk2-utils\2.6.1\hk2-utils-2.6.1.jar;C:\Users\Mikhailnt\.m2\repository\org\javassist\javassist\3.25.0-GA\javassist-3.25.0-GA.jar;C:\Users\Mikhailnt\.m2\repository\com\kohlschutter\junixsocket\junixsocket-common\2.3.2\junixsocket-common-2.3.2.jar;C:\Users\Mikhailnt\.m2\repository\com\kohlschutter\junixsocket\junixsocket-native-common\2.3.2\junixsocket-native-common-2.3.2.jar;C:\Users\Mikhailnt\.m2\repository\com\github\docker-java\docker-java\docker-java-transport-netty\3.2.12\docker-java-transport-netty-3.2.12.jar;C:\Users\Mikhailnt\.m2\repository\io\netty\netty-codec-http\4.1.46.Final\netty-codec-http-4.1.46.Final.jar;C:\Users\Mikhailnt\.m2\repository\io\netty\netty-common\4.1.46.Final\netty-common-4.1.46.Final.jar;C:\Users\Mikhailnt\.m2\repository\io\netty\netty-buffer\4.1.46.Final\netty-buffer-4.1.46.Final.jar;C:\Users\Mikhailnt\.m2\repository\io\netty\netty-transport\4.1.46.Final\netty-transport-4.1.46.Final.jar;C:\Users\Mikhailnt\.m2\repository\io\netty\netty-codec\4.1.46.Final\netty-codec-4.1.46.Final.jar;C:\Users\Mikhailnt\.m2\repository\io\netty\netty-handler\4.1.46.Final\netty-handler-4.1.46.Final.jar;C:\Users\Mikhailnt\.m2\repository\io\netty\netty-resolver\4.1.46.Final\netty-resolver-4.1.46.Final.jar;C:\Users\Mikhailnt\.m2\repository\io\netty\netty-handler-proxy\4.1.46.Final\netty-handler-proxy-4.1.46.Final.jar;C:\Users\Mikhailnt\.m2\repository\io\netty\netty-codec-socks\4.1.46.Final\netty-codec-socks-4.1.46.Final.jar;C:\Users\Mikhailnt\.m2\repository\io\netty\netty-transport-native-epoll\4.1.46.Final\netty-transport-native-epoll-4.1.46.Final-linux-x86_64.jar;C:\Users\Mikhailnt\.m2\repository\io\netty\netty-transport-native-unix-common\4.1.46.Final\netty-transport-native-unix-common-4.1.46.Final.jar;C:\Users\Mikhailnt\.m2\repository\io\netty\netty-transport-native-kqueue\4.1.46.Final\netty-transport-native-kqueue-4.1.46.Final-osx-x86_64.jar;C:\Users\Mikhailnt\.m2\repository\com\github\docker-java\docker-java\docker-java-transport-okhttp\3.2.12\docker-java-transport-okhttp-3.2.12.jar;C:\Users\Mikhailnt\.m2\repository\net\java\dev\jna\jna-platform\5.8.0\jna-platform-5.8.0.jar;C:\Users\Mikhailnt\.m2\repository\com\github\docker-java\docker-java\docker-java-transport-zerodep\3.2.12\docker-java-transport-zerodep-3.2.12.jar;C:\Users\Mikhailnt\.m2\repository\com\github\docker-java\docker-java-transport-httpclient5\3.2.12\docker-java-transport-httpclient5-3.2.12.jar;C:\Users\Mikhailnt\.m2\repository\com\github\docker-java\docker-java-transport\3.2.12\docker-java-transport-3.2.12.jar;C:\Users\Mikhailnt\.m2\repository\net\java\dev\jna\jna\5.8.0\jna-5.8.0.jar;C:\Users\Mikhailnt\.m2\repository\com\google\guava\guava\30.1.1-jre\guava-30.1.1-jre.jar;C:\Users\Mikhailnt\.m2\repository\com\google\guava\failureaccess\1.0.1\failureaccess-1.0.1.jar;C:\Users\Mikhailnt\.m2\repository\com\google\guava\listenablefuture\9999.0-empty-to-avoid-conflict-with-guava\listenablefuture-9999.0-empty-to-avoid-conflict-with-guava.jar;C:\Users\Mikhailnt\.m2\repository\com\google\code\findbugs\jsr305\3.0.2\jsr305-3.0.2.jar;C:\Users\Mikhailnt\.m2\repository\com\google\errorprone\error_prone_annotations\2.5.1\error_prone_annotations-2.5.1.jar;C:\Users\Mikhailnt\.m2\repository\com\google\j2objc\j2objc-annotations\1.3\j2objc-annotations-1.3.jar;C:\Users\Mikhailnt\.m2\repository\org\brotli\dec\0.1.2\dec-0.1.2.jar;C:\Users\Mikhailnt\.m2\repository\org\seleniumhq\selenium\selenium-java\3.141.59\selenium-java-3.141.59.jar;C:\Users\Mikhailnt\.m2\repository\org\seleniumhq\selenium\selenium-api\3.141.59\selenium-api-3.141.59.jar;C:\Users\Mikhailnt\.m2\repository\org\seleniumhq\selenium\selenium-chrome-driver\3.141.59\selenium-chrome-driver-3.141.59.jar;C:\Users\Mikhailnt\.m2\repository\org\seleniumhq\selenium\selenium-edge-driver\3.141.59\selenium-edge-driver-3.141.59.jar;C:\Users\Mikhailnt\.m2\repository\org\seleniumhq\selenium\selenium-firefox-driver\3.141.59\selenium-firefox-driver-3.141.59.jar;C:\Users\Mikhailnt\.m2\repository\org\seleniumhq\selenium\selenium-ie-driver\3.141.59\selenium-ie-driver-3.141.59.jar;C:\Users\Mikhailnt\.m2\repository\org\seleniumhq\selenium\selenium-opera-driver\3.141.59\selenium-opera-driver-3.141.59.jar;C:\Users\Mikhailnt\.m2\repository\org\seleniumhq\selenium\selenium-safari-driver\3.141.59\selenium-safari-driver-3.141.59.jar;C:\Users\Mikhailnt\.m2\repository\org\seleniumhq\selenium\selenium-support\3.141.59\selenium-support-3.141.59.jar;C:\Users\Mikhailnt\.m2\repository\net\bytebuddy\byte-buddy\1.8.15\byte-buddy-1.8.15.jar;C:\Users\Mikhailnt\.m2\repository\org\apache\commons\commons-exec\1.3\commons-exec-1.3.jar;C:\Users\Mikhailnt\.m2\repository\com\squareup\okhttp3\okhttp\3.11.0\okhttp-3.11.0.jar;C:\Users\Mikhailnt\.m2\repository\com\squareup\okio\okio\1.14.0\okio-1.14.0.jar;C:\Users\Mikhailnt\.m2\repository\org\seleniumhq\selenium\selenium-remote-driver\3.141.59\selenium-remote-driver-3.141.59.jar;C:\Users\Mikhailnt\.m2\repository\org\seleniumhq\webdriver\webdriver-common\0.9.7376\webdriver-common-0.9.7376.jar;C:\Users\Mikhailnt\.m2\repository\com\codeborne\selenide\5.24.2\selenide-5.24.2.jar;C:\Users\Mikhailnt\.m2\repository\org\rauschig\jarchivelib\1.2.0\jarchivelib-1.2.0.jar;C:\Users\Mikhailnt\.m2\repository\org\apache\commons\commons-compress\1.21\commons-compress-1.21.jar;C:\Users\Mikhailnt\.m2\repository\org\apache\httpcomponents\client5\httpclient5\5.1\httpclient5-5.1.jar;C:\Users\Mikhailnt\.m2\repository\org\apache\httpcomponents\core5\httpcore5\5.1.1\httpcore5-5.1.1.jar;C:\Users\Mikhailnt\.m2\repository\org\apache\httpcomponents\core5\httpcore5-h2\5.1.1\httpcore5-h2-5.1.1.jar;C:\Users\Mikhailnt\.m2\repository\org\apache\commons\commons-lang3\3.12.0\commons-lang3-3.12.0.jar;C:\Users\Mikhailnt\.m2\repository\org\junit\jupiter\junit-jupiter-api\5.8.1\junit-jupiter-api-5.8.1.jar;C:\Users\Mikhailnt\.m2\repository\org\opentest4j\opentest4j\1.2.0\opentest4j-1.2.0.jar;C:\Users\Mikhailnt\.m2\repository\org\junit\platform\junit-platform-commons\1.8.1\junit-platform-commons-1.8.1.jar;C:\Users\Mikhailnt\.m2\repository\org\apiguardian\apiguardian-api\1.1.2\apiguardian-api-1.1.2.jar;C:\Users\Mikhailnt\.m2\repository\io\qameta\allure\allure-maven\2.10.0\allure-maven-2.10.0.jar;C:\Users\Mikhailnt\.m2\repository\org\apache\maven\maven-core\3.3.9\maven-core-3.3.9.jar;C:\Users\Mikhailnt\.m2\repository\org\apache\maven\maven-settings\3.3.9\maven-settings-3.3.9.jar;C:\Users\Mikhailnt\.m2\repository\org\apache\maven\maven-settings-builder\3.3.9\maven-settings-builder-3.3.9.jar;C:\Users\Mikhailnt\.m2\repository\org\apache\maven\maven-builder-support\3.3.9\maven-builder-support-3.3.9.jar;C:\Users\Mikhailnt\.m2\repository\org\apache\maven\maven-repository-metadata\3.3.9\maven-repository-metadata-3.3.9.jar;C:\Users\Mikhailnt\.m2\repository\org\apache\maven\maven-model-builder\3.3.9\maven-model-builder-3.3.9.jar;C:\Users\Mikhailnt\.m2\repository\org\apache\maven\maven-aether-provider\3.3.9\maven-aether-provider-3.3.9.jar;C:\Users\Mikhailnt\.m2\repository\org\eclipse\aether\aether-spi\1.0.2.v20150114\aether-spi-1.0.2.v20150114.jar;C:\Users\Mikhailnt\.m2\repository\org\eclipse\aether\aether-impl\1.0.2.v20150114\aether-impl-1.0.2.v20150114.jar;C:\Users\Mikhailnt\.m2\repository\org\eclipse\aether\aether-api\1.0.2.v20150114\aether-api-1.0.2.v20150114.jar;C:\Users\Mikhailnt\.m2\repository\org\eclipse\aether\aether-util\1.0.2.v20150114\aether-util-1.0.2.v20150114.jar;C:\Users\Mikhailnt\.m2\repository\com\google\inject\guice\4.0\guice-4.0-no_aop.jar;C:\Users\Mikhailnt\.m2\repository\javax\inject\javax.inject\1\javax.inject-1.jar;C:\Users\Mikhailnt\.m2\repository\aopalliance\aopalliance\1.0\aopalliance-1.0.jar;C:\Users\Mikhailnt\.m2\repository\org\codehaus\plexus\plexus-interpolation\1.21\plexus-interpolation-1.21.jar;C:\Users\Mikhailnt\.m2\repository\org\codehaus\plexus\plexus-component-annotations\1.6\plexus-component-annotations-1.6.jar;C:\Users\Mikhailnt\.m2\repository\org\sonatype\plexus\plexus-sec-dispatcher\1.3\plexus-sec-dispatcher-1.3.jar;C:\Users\Mikhailnt\.m2\repository\org\sonatype\plexus\plexus-cipher\1.4\plexus-cipher-1.4.jar;C:\Users\Mikhailnt\.m2\repository\org\apache\maven\reporting\maven-reporting-impl\2.4\maven-reporting-impl-2.4.jar;C:\Users\Mikhailnt\.m2\repository\org\apache\maven\reporting\maven-reporting-api\3.0\maven-reporting-api-3.0.jar;C:\Users\Mikhailnt\.m2\repository\org\apache\maven\maven-project\2.2.1\maven-project-2.2.1.jar;C:\Users\Mikhailnt\.m2\repository\org\apache\maven\maven-profile\2.2.1\maven-profile-2.2.1.jar;C:\Users\Mikhailnt\.m2\repository\org\apache\maven\maven-artifact-manager\2.2.1\maven-artifact-manager-2.2.1.jar;C:\Users\Mikhailnt\.m2\repository\backport-util-concurrent\backport-util-concurrent\3.1\backport-util-concurrent-3.1.jar;C:\Users\Mikhailnt\.m2\repository\org\apache\maven\maven-plugin-registry\2.2.1\maven-plugin-registry-2.2.1.jar;C:\Users\Mikhailnt\.m2\repository\org\codehaus\plexus\plexus-container-default\1.0-alpha-9-stable-1\plexus-container-default-1.0-alpha-9-stable-1.jar;C:\Users\Mikhailnt\.m2\repository\classworlds\classworlds\1.1-alpha-2\classworlds-1.1-alpha-2.jar;C:\Users\Mikhailnt\.m2\repository\org\apache\maven\shared\maven-shared-utils\0.6\maven-shared-utils-0.6.jar;C:\Users\Mikhailnt\.m2\repository\org\apache\maven\doxia\doxia-sink-api\1.6\doxia-sink-api-1.6.jar;C:\Users\Mikhailnt\.m2\repository\org\apache\maven\doxia\doxia-logging-api\1.6\doxia-logging-api-1.6.jar;C:\Users\Mikhailnt\.m2\repository\org\apache\maven\doxia\doxia-core\1.6\doxia-core-1.6.jar;C:\Users\Mikhailnt\.m2\repository\xerces\xercesImpl\2.9.1\xercesImpl-2.9.1.jar;C:\Users\Mikhailnt\.m2\repository\xmlunit\xmlunit\1.5\xmlunit-1.5.jar;C:\Users\Mikhailnt\.m2\repository\org\apache\maven\doxia\doxia-site-renderer\1.6\doxia-site-renderer-1.6.jar;C:\Users\Mikhailnt\.m2\repository\org\apache\maven\doxia\doxia-decoration-model\1.6\doxia-decoration-model-1.6.jar;C:\Users\Mikhailnt\.m2\repository\org\apache\maven\doxia\doxia-module-xhtml\1.6\doxia-module-xhtml-1.6.jar;C:\Users\Mikhailnt\.m2\repository\org\apache\maven\doxia\doxia-module-fml\1.6\doxia-module-fml-1.6.jar;C:\Users\Mikhailnt\.m2\repository\org\codehaus\plexus\plexus-i18n\1.0-beta-7\plexus-i18n-1.0-beta-7.jar;C:\Users\Mikhailnt\.m2\repository\org\codehaus\plexus\plexus-velocity\1.1.7\plexus-velocity-1.1.7.jar;C:\Users\Mikhailnt\.m2\repository\org\apache\velocity\velocity-tools\2.0\velocity-tools-2.0.jar;C:\Users\Mikhailnt\.m2\repository\commons-chain\commons-chain\1.1\commons-chain-1.1.jar;C:\Users\Mikhailnt\.m2\repository\dom4j\dom4j\1.1\dom4j-1.1.jar;C:\Users\Mikhailnt\.m2\repository\sslext\sslext\1.2-0\sslext-1.2-0.jar;C:\Users\Mikhailnt\.m2\repository\org\apache\struts\struts-core\1.3.8\struts-core-1.3.8.jar;C:\Users\Mikhailnt\.m2\repository\antlr\antlr\2.7.2\antlr-2.7.2.jar;C:\Users\Mikhailnt\.m2\repository\org\apache\struts\struts-taglib\1.3.8\struts-taglib-1.3.8.jar;C:\Users\Mikhailnt\.m2\repository\org\apache\struts\struts-tiles\1.3.8\struts-tiles-1.3.8.jar;C:\Users\Mikhailnt\.m2\repository\commons-validator\commons-validator\1.4.1\commons-validator-1.4.1.jar;C:\Users\Mikhailnt\.m2\repository\commons-digester\commons-digester\1.8.1\commons-digester-1.8.1.jar;C:\Users\Mikhailnt\.m2\repository\commons-beanutils\commons-beanutils\1.9.3\commons-beanutils-1.9.3.jar;C:\Users\Mikhailnt\.m2\repository\commons-collections\commons-collections\3.2.2\commons-collections-3.2.2.jar;C:\Users\Mikhailnt\.m2\repository\net\lingala\zip4j\zip4j\1.3.2\zip4j-1.3.2.jar;C:\Users\Mikhailnt\.m2\repository\org\apache\maven\plugin-tools\maven-plugin-annotations\3.2\maven-plugin-annotations-3.2.jar;C:\Users\Mikhailnt\.m2\repository\org\apache\maven\plugins\maven-jxr-plugin\2.5\maven-jxr-plugin-2.5.jar;C:\Users\Mikhailnt\.m2\repository\org\apache\velocity\velocity\1.5\velocity-1.5.jar;C:\Users\Mikhailnt\.m2\repository\oro\oro\2.0.8\oro-2.0.8.jar;C:\Users\Mikhailnt\.m2\repository\org\apache\maven\maven-jxr\2.5\maven-jxr-2.5.jar;C:\Users\Mikhailnt\.m2\repository\org\apache\maven\wagon\wagon-provider-api\1.0\wagon-provider-api-1.0.jar;C:\Users\Mikhailnt\.m2\repository\xml-apis\xml-apis\1.0.b2\xml-apis-1.0.b2.jar;C:\Users\Mikhailnt\.m2\repository\xalan\xalan\2.7.0\xalan-2.7.0.jar;C:\Users\Mikhailnt\.m2\repository\org\apache\maven\maven-plugin-api\3.8.1\maven-plugin-api-3.8.1.jar;C:\Users\Mikhailnt\.m2\repository\org\apache\maven\maven-model\3.8.1\maven-model-3.8.1.jar;C:\Users\Mikhailnt\.m2\repository\org\apache\maven\maven-artifact\3.8.1\maven-artifact-3.8.1.jar;C:\Users\Mikhailnt\.m2\repository\org\eclipse\sisu\org.eclipse.sisu.plexus\0.3.4\org.eclipse.sisu.plexus-0.3.4.jar;C:\Users\Mikhailnt\.m2\repository\javax\enterprise\cdi-api\1.0\cdi-api-1.0.jar;C:\Users\Mikhailnt\.m2\repository\javax\annotation\jsr250-api\1.0\jsr250-api-1.0.jar;C:\Users\Mikhailnt\.m2\repository\org\eclipse\sisu\org.eclipse.sisu.inject\0.3.4\org.eclipse.sisu.inject-0.3.4.jar;C:\Users\Mikhailnt\.m2\repository\org\codehaus\plexus\plexus-utils\3.2.1\plexus-utils-3.2.1.jar;C:\Users\Mikhailnt\.m2\repository\org\codehaus\plexus\plexus-classworlds\2.6.0\plexus-classworlds-2.6.0.jar;C:\Users\Mikhailnt\.m2\repository\io\github\artsok\rerunner-jupiter\2.1.6\rerunner-jupiter-2.1.6.jar;C:\Users\Mikhailnt\.m2\repository\org\junit\jupiter\junit-jupiter-engine\5.8.1\junit-jupiter-engine-5.8.1.jar;C:\Users\Mikhailnt\.m2\repository\org\junit\platform\junit-platform-engine\1.8.1\junit-platform-engine-1.8.1.jar;C:\Users\Mikhailnt\.m2\repository\org\junit\jupiter\junit-jupiter-params\5.8.1\junit-jupiter-params-5.8.1.jar;C:\Users\Mikhailnt\.m2\repository\io\qameta\allure\allure-junit5\2.15.0\allure-junit5-2.15.0.jar;C:\Users\Mikhailnt\.m2\repository\io\qameta\allure\allure-junit-platform\2.15.0\allure-junit-platform-2.15.0.jar;C:\Users\Mikhailnt\.m2\repository\io\qameta\allure\allure-java-commons\2.15.0\allure-java-commons-2.15.0.jar;C:\Users\Mikhailnt\.m2\repository\io\qameta\allure\allure-model\2.15.0\allure-model-2.15.0.jar;C:\Users\Mikhailnt\.m2\repository\io\qameta\allure\allure-test-filter\2.15.0\allure-test-filter-2.15.0.jar;C:\Users\Mikhailnt\.m2\repository\com\googlecode\json-simple\json-simple\1.1\json-simple-1.1.jar;C:\Users\Mikhailnt\.m2\repository\org\aspectj\aspectjweaver\1.8.10\aspectjweaver-1.8.10.jar;C:\Users\Mikhailnt\.m2\repository\io\rest-assured\rest-assured\4.3.3\rest-assured-4.3.3.jar;C:\Users\Mikhailnt\.m2\repository\org\codehaus\groovy\groovy\3.0.7\groovy-3.0.7.jar;C:\Users\Mikhailnt\.m2\repository\org\codehaus\groovy\groovy-xml\3.0.7\groovy-xml-3.0.7.jar;C:\Users\Mikhailnt\.m2\repository\org\apache\httpcomponents\httpmime\4.5.3\httpmime-4.5.3.jar;C:\Users\Mikhailnt\.m2\repository\org\hamcrest\hamcrest\2.1\hamcrest-2.1.jar;C:\Users\Mikhailnt\.m2\repository\org\ccil\cowan\tagsoup\tagsoup\1.2.1\tagsoup-1.2.1.jar;C:\Users\Mikhailnt\.m2\repository\io\rest-assured\json-path\4.3.3\json-path-4.3.3.jar;C:\Users\Mikhailnt\.m2\repository\org\codehaus\groovy\groovy-json\3.0.7\groovy-json-3.0.7.jar;C:\Users\Mikhailnt\.m2\repository\io\rest-assured\rest-assured-common\4.3.3\rest-assured-common-4.3.3.jar;C:\Users\Mikhailnt\.m2\repository\io\rest-assured\xml-path\4.3.3\xml-path-4.3.3.jar;C:\Users\Mikhailnt\.m2\repository\jakarta\xml\bind\jakarta.xml.bind-api\2.3.3\jakarta.xml.bind-api-2.3.3.jar;C:\Users\Mikhailnt\.m2\repository\jakarta\activation\jakarta.activation-api\1.2.2\jakarta.activation-api-1.2.2.jar;C:\Users\Mikhailnt\.m2\repository\com\sun\xml\bind\jaxb-impl\2.3.3\jaxb-impl-2.3.3.jar;C:\Users\Mikhailnt\.m2\repository\org\apache\maven\surefire\surefire-logger-api\2.22.2\surefire-logger-api-2.22.2.jar;C:\Users\Mikhailnt\.m2\repository\org\postgresql\postgresql\42.2.23\postgresql-42.2.23.jar;C:\Users\Mikhailnt\.m2\repository\org\checkerframework\checker-qual\3.5.0\checker-qual-3.5.0.jar;C:\Users\Mikhailnt\.m2\repository\org\apache\httpcomponents\httpclient\4.5.6\httpclient-4.5.6.jar;C:\Users\Mikhailnt\.m2\repository\org\apache\httpcomponents\httpcore\4.4.10\httpcore-4.4.10.jar;C:\Users\Mikhailnt\.m2\repository\commons-logging\commons-logging\1.2\commons-logging-1.2.jar;C:\Users\Mikhailnt\.m2\repository\commons-codec\commons-codec\1.10\commons-codec-1.10.jar;C:\Users\Mikhailnt\.m2\repository\org\apache\maven\plugins\maven-surefire-plugin\2.22.2\maven-surefire-plugin-2.22.2.jar;C:\Users\Mikhailnt\.m2\repository\org\apache\maven\surefire\maven-surefire-common\2.22.2\maven-surefire-common-2.22.2.jar;C:\Users\Mikhailnt\.m2\repository\org\apache\maven\surefire\surefire-api\2.22.2\surefire-api-2.22.2.jar;C:\Users\Mikhailnt\.m2\repository\org\apache\maven\surefire\surefire-booter\2.22.2\surefire-booter-2.22.2.jar;C:\Users\Mikhailnt\.m2\repository\org\apache\maven\maven-plugin-descriptor\2.2.1\maven-plugin-descriptor-2.2.1.jar;C:\Users\Mikhailnt\.m2\repository\org\apache\maven\maven-toolchain\2.2.1\maven-toolchain-2.2.1.jar;C:\Users\Mikhailnt\.m2\repository\org\codehaus\plexus\plexus-java\0.9.10\plexus-java-0.9.10.jar;C:\Users\Mikhailnt\.m2\repository\org\ow2\asm\asm\6.2\asm-6.2.jar;C:\Users\Mikhailnt\.m2\repository\com\thoughtworks\qdox\qdox\2.0-M8\qdox-2.0-M8.jar;C:\Users\Mikhailnt\.m2\repository\org\junit\platform\junit-platform-launcher\1.8.0-M1\junit-platform-launcher-1.8.0-M1.jar;C:\Users\Mikhailnt\.m2\repository\com\fasterxml\jackson\core\jackson-annotations\2.12.5\jackson-annotations-2.12.5.jar;C:\Users\Mikhailnt\.m2\repository\com\fasterxml\jackson\core\jackson-databind\2.12.5\jackson-databind-2.12.5.jar;C:\Users\Mikhailnt\.m2\repository\com\fasterxml\jackson\core\jackson-core\2.12.5\jackson-core-2.12.5.jar;"/>
    <property name="java.vm.vendor" value="Oracle Corporation"/>
    <property name="sun.arch.data.model" value="64"/>
    <property name="user.variant" value=""/>
    <property name="java.vendor.url" value="https://openjdk.java.net/"/>
    <property name="user.timezone" value="Europe/Moscow"/>
    <property name="java.vm.specification.version" value="11"/>
    <property name="os.name" value="Windows 10"/>
    <property name="sun.java.launcher" value="SUN_STANDARD"/>
    <property name="user.country" value="RU"/>
    <property name="sun.boot.library.path" value="C:\QA_AUTOMATION\Java\jdk-11.0.11\bin"/>
    <property name="sun.java.command" value="C:\Users\MIKHAI~1\AppData\Local\Temp\surefire5868868208477750120\surefirebooter10871873986888414987.jar C:\Users\Mikhailnt\AppData\Local\Temp\surefire5868868208477750120 2021-10-08T23-06-40_722-jvmRun1 surefire13738397436313827325tmp surefire_016181040926570549152tmp"/>
    <property name="jdk.debug" value="release"/>
    <property name="surefire.test.class.path" value="C:\QA_AUTOMATION\MFTV_Web_Desktop_Smoke_JUnit5_only\WebDriver\target\test-classes;C:\QA_AUTOMATION\MFTV_Web_Desktop_Smoke_JUnit5_only\WebDriver\target\classes;C:\Users\Mikhailnt\.m2\repository\junit\junit\4.13.2\junit-4.13.2.jar;C:\Users\Mikhailnt\.m2\repository\org\hamcrest\hamcrest-core\1.3\hamcrest-core-1.3.jar;C:\Users\Mikhailnt\.m2\repository\io\github\bonigarcia\webdrivermanager\5.0.3\webdrivermanager-5.0.3.jar;C:\Users\Mikhailnt\.m2\repository\org\slf4j\slf4j-api\1.7.32\slf4j-api-1.7.32.jar;C:\Users\Mikhailnt\.m2\repository\com\google\code\gson\gson\2.8.8\gson-2.8.8.jar;C:\Users\Mikhailnt\.m2\repository\org\jsoup\jsoup\1.14.2\jsoup-1.14.2.jar;C:\Users\Mikhailnt\.m2\repository\com\github\docker-java\docker-java\3.2.12\docker-java-3.2.12.jar;C:\Users\Mikhailnt\.m2\repository\com\github\docker-java\docker-java\docker-java\3.2.12\docker-java-3.2.12.jar;C:\Users\Mikhailnt\.m2\repository\org\slf4j\jcl-over-slf4j\1.7.30\jcl-over-slf4j-1.7.30.jar;C:\Users\Mikhailnt\.m2\repository\com\github\docker-java\docker-java\docker-java-api\3.2.12\docker-java-api-3.2.12.jar;C:\Users\Mikhailnt\.m2\repository\com\github\docker-java\docker-java\docker-java-core\3.2.12\docker-java-core-3.2.12.jar;C:\Users\Mikhailnt\.m2\repository\commons-io\commons-io\2.6\commons-io-2.6.jar;C:\Users\Mikhailnt\.m2\repository\commons-lang\commons-lang\2.6\commons-lang-2.6.jar;C:\Users\Mikhailnt\.m2\repository\org\bouncycastle\bcpkix-jdk15on\1.64\bcpkix-jdk15on-1.64.jar;C:\Users\Mikhailnt\.m2\repository\org\bouncycastle\bcprov-jdk15on\1.64\bcprov-jdk15on-1.64.jar;C:\Users\Mikhailnt\.m2\repository\com\github\docker-java\docker-java\docker-java-transport\3.2.12\docker-java-transport-3.2.12.jar;C:\Users\Mikhailnt\.m2\repository\com\github\docker-java\docker-java\docker-java-transport-httpclient5\3.2.12\docker-java-transport-httpclient5-3.2.12.jar;C:\Users\Mikhailnt\.m2\repository\com\github\docker-java\docker-java\docker-java-transport-jersey\3.2.12\docker-java-transport-jersey-3.2.12.jar;C:\Users\Mikhailnt\.m2\repository\com\fasterxml\jackson\jaxrs\jackson-jaxrs-json-provider\2.10.3\jackson-jaxrs-json-provider-2.10.3.jar;C:\Users\Mikhailnt\.m2\repository\com\fasterxml\jackson\jaxrs\jackson-jaxrs-base\2.10.3\jackson-jaxrs-base-2.10.3.jar;C:\Users\Mikhailnt\.m2\repository\com\fasterxml\jackson\module\jackson-module-jaxb-annotations\2.10.3\jackson-module-jaxb-annotations-2.10.3.jar;C:\Users\Mikhailnt\.m2\repository\org\glassfish\jersey\connectors\jersey-apache-connector\2.30.1\jersey-apache-connector-2.30.1.jar;C:\Users\Mikhailnt\.m2\repository\org\glassfish\jersey\core\jersey-common\2.30.1\jersey-common-2.30.1.jar;C:\Users\Mikhailnt\.m2\repository\jakarta\annotation\jakarta.annotation-api\1.3.5\jakarta.annotation-api-1.3.5.jar;C:\Users\Mikhailnt\.m2\repository\org\glassfish\hk2\osgi-resource-locator\1.0.3\osgi-resource-locator-1.0.3.jar;C:\Users\Mikhailnt\.m2\repository\com\sun\activation\jakarta.activation\1.2.1\jakarta.activation-1.2.1.jar;C:\Users\Mikhailnt\.m2\repository\jakarta\ws\rs\jakarta.ws.rs-api\2.1.6\jakarta.ws.rs-api-2.1.6.jar;C:\Users\Mikhailnt\.m2\repository\org\glassfish\jersey\core\jersey-client\2.30.1\jersey-client-2.30.1.jar;C:\Users\Mikhailnt\.m2\repository\org\glassfish\hk2\external\jakarta.inject\2.6.1\jakarta.inject-2.6.1.jar;C:\Users\Mikhailnt\.m2\repository\org\glassfish\jersey\inject\jersey-hk2\2.30.1\jersey-hk2-2.30.1.jar;C:\Users\Mikhailnt\.m2\repository\org\glassfish\hk2\hk2-locator\2.6.1\hk2-locator-2.6.1.jar;C:\Users\Mikhailnt\.m2\repository\org\glassfish\hk2\external\aopalliance-repackaged\2.6.1\aopalliance-repackaged-2.6.1.jar;C:\Users\Mikhailnt\.m2\repository\org\glassfish\hk2\hk2-api\2.6.1\hk2-api-2.6.1.jar;C:\Users\Mikhailnt\.m2\repository\org\glassfish\hk2\hk2-utils\2.6.1\hk2-utils-2.6.1.jar;C:\Users\Mikhailnt\.m2\repository\org\javassist\javassist\3.25.0-GA\javassist-3.25.0-GA.jar;C:\Users\Mikhailnt\.m2\repository\com\kohlschutter\junixsocket\junixsocket-common\2.3.2\junixsocket-common-2.3.2.jar;C:\Users\Mikhailnt\.m2\repository\com\kohlschutter\junixsocket\junixsocket-native-common\2.3.2\junixsocket-native-common-2.3.2.jar;C:\Users\Mikhailnt\.m2\repository\com\github\docker-java\docker-java\docker-java-transport-netty\3.2.12\docker-java-transport-netty-3.2.12.jar;C:\Users\Mikhailnt\.m2\repository\io\netty\netty-codec-http\4.1.46.Final\netty-codec-http-4.1.46.Final.jar;C:\Users\Mikhailnt\.m2\repository\io\netty\netty-common\4.1.46.Final\netty-common-4.1.46.Final.jar;C:\Users\Mikhailnt\.m2\repository\io\netty\netty-buffer\4.1.46.Final\netty-buffer-4.1.46.Final.jar;C:\Users\Mikhailnt\.m2\repository\io\netty\netty-transport\4.1.46.Final\netty-transport-4.1.46.Final.jar;C:\Users\Mikhailnt\.m2\repository\io\netty\netty-codec\4.1.46.Final\netty-codec-4.1.46.Final.jar;C:\Users\Mikhailnt\.m2\repository\io\netty\netty-handler\4.1.46.Final\netty-handler-4.1.46.Final.jar;C:\Users\Mikhailnt\.m2\repository\io\netty\netty-resolver\4.1.46.Final\netty-resolver-4.1.46.Final.jar;C:\Users\Mikhailnt\.m2\repository\io\netty\netty-handler-proxy\4.1.46.Final\netty-handler-proxy-4.1.46.Final.jar;C:\Users\Mikhailnt\.m2\repository\io\netty\netty-codec-socks\4.1.46.Final\netty-codec-socks-4.1.46.Final.jar;C:\Users\Mikhailnt\.m2\repository\io\netty\netty-transport-native-epoll\4.1.46.Final\netty-transport-native-epoll-4.1.46.Final-linux-x86_64.jar;C:\Users\Mikhailnt\.m2\repository\io\netty\netty-transport-native-unix-common\4.1.46.Final\netty-transport-native-unix-common-4.1.46.Final.jar;C:\Users\Mikhailnt\.m2\repository\io\netty\netty-transport-native-kqueue\4.1.46.Final\netty-transport-native-kqueue-4.1.46.Final-osx-x86_64.jar;C:\Users\Mikhailnt\.m2\repository\com\github\docker-java\docker-java\docker-java-transport-okhttp\3.2.12\docker-java-transport-okhttp-3.2.12.jar;C:\Users\Mikhailnt\.m2\repository\net\java\dev\jna\jna-platform\5.8.0\jna-platform-5.8.0.jar;C:\Users\Mikhailnt\.m2\repository\com\github\docker-java\docker-java\docker-java-transport-zerodep\3.2.12\docker-java-transport-zerodep-3.2.12.jar;C:\Users\Mikhailnt\.m2\repository\com\github\docker-java\docker-java-transport-httpclient5\3.2.12\docker-java-transport-httpclient5-3.2.12.jar;C:\Users\Mikhailnt\.m2\repository\com\github\docker-java\docker-java-transport\3.2.12\docker-java-transport-3.2.12.jar;C:\Users\Mikhailnt\.m2\repository\net\java\dev\jna\jna\5.8.0\jna-5.8.0.jar;C:\Users\Mikhailnt\.m2\repository\com\google\guava\guava\30.1.1-jre\guava-30.1.1-jre.jar;C:\Users\Mikhailnt\.m2\repository\com\google\guava\failureaccess\1.0.1\failureaccess-1.0.1.jar;C:\Users\Mikhailnt\.m2\repository\com\google\guava\listenablefuture\9999.0-empty-to-avoid-conflict-with-guava\listenablefuture-9999.0-empty-to-avoid-conflict-with-guava.jar;C:\Users\Mikhailnt\.m2\repository\com\google\code\findbugs\jsr305\3.0.2\jsr305-3.0.2.jar;C:\Users\Mikhailnt\.m2\repository\com\google\errorprone\error_prone_annotations\2.5.1\error_prone_annotations-2.5.1.jar;C:\Users\Mikhailnt\.m2\repository\com\google\j2objc\j2objc-annotations\1.3\j2objc-annotations-1.3.jar;C:\Users\Mikhailnt\.m2\repository\org\brotli\dec\0.1.2\dec-0.1.2.jar;C:\Users\Mikhailnt\.m2\repository\org\seleniumhq\selenium\selenium-java\3.141.59\selenium-java-3.141.59.jar;C:\Users\Mikhailnt\.m2\repository\org\seleniumhq\selenium\selenium-api\3.141.59\selenium-api-3.141.59.jar;C:\Users\Mikhailnt\.m2\repository\org\seleniumhq\selenium\selenium-chrome-driver\3.141.59\selenium-chrome-driver-3.141.59.jar;C:\Users\Mikhailnt\.m2\repository\org\seleniumhq\selenium\selenium-edge-driver\3.141.59\selenium-edge-driver-3.141.59.jar;C:\Users\Mikhailnt\.m2\repository\org\seleniumhq\selenium\selenium-firefox-driver\3.141.59\selenium-firefox-driver-3.141.59.jar;C:\Users\Mikhailnt\.m2\repository\org\seleniumhq\selenium\selenium-ie-driver\3.141.59\selenium-ie-driver-3.141.59.jar;C:\Users\Mikhailnt\.m2\repository\org\seleniumhq\selenium\selenium-opera-driver\3.141.59\selenium-opera-driver-3.141.59.jar;C:\Users\Mikhailnt\.m2\repository\org\seleniumhq\selenium\selenium-safari-driver\3.141.59\selenium-safari-driver-3.141.59.jar;C:\Users\Mikhailnt\.m2\repository\org\seleniumhq\selenium\selenium-support\3.141.59\selenium-support-3.141.59.jar;C:\Users\Mikhailnt\.m2\repository\net\bytebuddy\byte-buddy\1.8.15\byte-buddy-1.8.15.jar;C:\Users\Mikhailnt\.m2\repository\org\apache\commons\commons-exec\1.3\commons-exec-1.3.jar;C:\Users\Mikhailnt\.m2\repository\com\squareup\okhttp3\okhttp\3.11.0\okhttp-3.11.0.jar;C:\Users\Mikhailnt\.m2\repository\com\squareup\okio\okio\1.14.0\okio-1.14.0.jar;C:\Users\Mikhailnt\.m2\repository\org\seleniumhq\selenium\selenium-remote-driver\3.141.59\selenium-remote-driver-3.141.59.jar;C:\Users\Mikhailnt\.m2\repository\org\seleniumhq\webdriver\webdriver-common\0.9.7376\webdriver-common-0.9.7376.jar;C:\Users\Mikhailnt\.m2\repository\com\codeborne\selenide\5.24.2\selenide-5.24.2.jar;C:\Users\Mikhailnt\.m2\repository\org\rauschig\jarchivelib\1.2.0\jarchivelib-1.2.0.jar;C:\Users\Mikhailnt\.m2\repository\org\apache\commons\commons-compress\1.21\commons-compress-1.21.jar;C:\Users\Mikhailnt\.m2\repository\org\apache\httpcomponents\client5\httpclient5\5.1\httpclient5-5.1.jar;C:\Users\Mikhailnt\.m2\repository\org\apache\httpcomponents\core5\httpcore5\5.1.1\httpcore5-5.1.1.jar;C:\Users\Mikhailnt\.m2\repository\org\apache\httpcomponents\core5\httpcore5-h2\5.1.1\httpcore5-h2-5.1.1.jar;C:\Users\Mikhailnt\.m2\repository\org\apache\commons\commons-lang3\3.12.0\commons-lang3-3.12.0.jar;C:\Users\Mikhailnt\.m2\repository\org\junit\jupiter\junit-jupiter-api\5.8.1\junit-jupiter-api-5.8.1.jar;C:\Users\Mikhailnt\.m2\repository\org\opentest4j\opentest4j\1.2.0\opentest4j-1.2.0.jar;C:\Users\Mikhailnt\.m2\repository\org\junit\platform\junit-platform-commons\1.8.1\junit-platform-commons-1.8.1.jar;C:\Users\Mikhailnt\.m2\repository\org\apiguardian\apiguardian-api\1.1.2\apiguardian-api-1.1.2.jar;C:\Users\Mikhailnt\.m2\repository\io\qameta\allure\allure-maven\2.10.0\allure-maven-2.10.0.jar;C:\Users\Mikhailnt\.m2\repository\org\apache\maven\maven-core\3.3.9\maven-core-3.3.9.jar;C:\Users\Mikhailnt\.m2\repository\org\apache\maven\maven-settings\3.3.9\maven-settings-3.3.9.jar;C:\Users\Mikhailnt\.m2\repository\org\apache\maven\maven-settings-builder\3.3.9\maven-settings-builder-3.3.9.jar;C:\Users\Mikhailnt\.m2\repository\org\apache\maven\maven-builder-support\3.3.9\maven-builder-support-3.3.9.jar;C:\Users\Mikhailnt\.m2\repository\org\apache\maven\maven-repository-metadata\3.3.9\maven-repository-metadata-3.3.9.jar;C:\Users\Mikhailnt\.m2\repository\org\apache\maven\maven-model-builder\3.3.9\maven-model-builder-3.3.9.jar;C:\Users\Mikhailnt\.m2\repository\org\apache\maven\maven-aether-provider\3.3.9\maven-aether-provider-3.3.9.jar;C:\Users\Mikhailnt\.m2\repository\org\eclipse\aether\aether-spi\1.0.2.v20150114\aether-spi-1.0.2.v20150114.jar;C:\Users\Mikhailnt\.m2\repository\org\eclipse\aether\aether-impl\1.0.2.v20150114\aether-impl-1.0.2.v20150114.jar;C:\Users\Mikhailnt\.m2\repository\org\eclipse\aether\aether-api\1.0.2.v20150114\aether-api-1.0.2.v20150114.jar;C:\Users\Mikhailnt\.m2\repository\org\eclipse\aether\aether-util\1.0.2.v20150114\aether-util-1.0.2.v20150114.jar;C:\Users\Mikhailnt\.m2\repository\com\google\inject\guice\4.0\guice-4.0-no_aop.jar;C:\Users\Mikhailnt\.m2\repository\javax\inject\javax.inject\1\javax.inject-1.jar;C:\Users\Mikhailnt\.m2\repository\aopalliance\aopalliance\1.0\aopalliance-1.0.jar;C:\Users\Mikhailnt\.m2\repository\org\codehaus\plexus\plexus-interpolation\1.21\plexus-interpolation-1.21.jar;C:\Users\Mikhailnt\.m2\repository\org\codehaus\plexus\plexus-component-annotations\1.6\plexus-component-annotations-1.6.jar;C:\Users\Mikhailnt\.m2\repository\org\sonatype\plexus\plexus-sec-dispatcher\1.3\plexus-sec-dispatcher-1.3.jar;C:\Users\Mikhailnt\.m2\repository\org\sonatype\plexus\plexus-cipher\1.4\plexus-cipher-1.4.jar;C:\Users\Mikhailnt\.m2\repository\org\apache\maven\reporting\maven-reporting-impl\2.4\maven-reporting-impl-2.4.jar;C:\Users\Mikhailnt\.m2\repository\org\apache\maven\reporting\maven-reporting-api\3.0\maven-reporting-api-3.0.jar;C:\Users\Mikhailnt\.m2\repository\org\apache\maven\maven-project\2.2.1\maven-project-2.2.1.jar;C:\Users\Mikhailnt\.m2\repository\org\apache\maven\maven-profile\2.2.1\maven-profile-2.2.1.jar;C:\Users\Mikhailnt\.m2\repository\org\apache\maven\maven-artifact-manager\2.2.1\maven-artifact-manager-2.2.1.jar;C:\Users\Mikhailnt\.m2\repository\backport-util-concurrent\backport-util-concurrent\3.1\backport-util-concurrent-3.1.jar;C:\Users\Mikhailnt\.m2\repository\org\apache\maven\maven-plugin-registry\2.2.1\maven-plugin-registry-2.2.1.jar;C:\Users\Mikhailnt\.m2\repository\org\codehaus\plexus\plexus-container-default\1.0-alpha-9-stable-1\plexus-container-default-1.0-alpha-9-stable-1.jar;C:\Users\Mikhailnt\.m2\repository\classworlds\classworlds\1.1-alpha-2\classworlds-1.1-alpha-2.jar;C:\Users\Mikhailnt\.m2\repository\org\apache\maven\shared\maven-shared-utils\0.6\maven-shared-utils-0.6.jar;C:\Users\Mikhailnt\.m2\repository\org\apache\maven\doxia\doxia-sink-api\1.6\doxia-sink-api-1.6.jar;C:\Users\Mikhailnt\.m2\repository\org\apache\maven\doxia\doxia-logging-api\1.6\doxia-logging-api-1.6.jar;C:\Users\Mikhailnt\.m2\repository\org\apache\maven\doxia\doxia-core\1.6\doxia-core-1.6.jar;C:\Users\Mikhailnt\.m2\repository\xerces\xercesImpl\2.9.1\xercesImpl-2.9.1.jar;C:\Users\Mikhailnt\.m2\repository\xmlunit\xmlunit\1.5\xmlunit-1.5.jar;C:\Users\Mikhailnt\.m2\repository\org\apache\maven\doxia\doxia-site-renderer\1.6\doxia-site-renderer-1.6.jar;C:\Users\Mikhailnt\.m2\repository\org\apache\maven\doxia\doxia-decoration-model\1.6\doxia-decoration-model-1.6.jar;C:\Users\Mikhailnt\.m2\repository\org\apache\maven\doxia\doxia-module-xhtml\1.6\doxia-module-xhtml-1.6.jar;C:\Users\Mikhailnt\.m2\repository\org\apache\maven\doxia\doxia-module-fml\1.6\doxia-module-fml-1.6.jar;C:\Users\Mikhailnt\.m2\repository\org\codehaus\plexus\plexus-i18n\1.0-beta-7\plexus-i18n-1.0-beta-7.jar;C:\Users\Mikhailnt\.m2\repository\org\codehaus\plexus\plexus-velocity\1.1.7\plexus-velocity-1.1.7.jar;C:\Users\Mikhailnt\.m2\repository\org\apache\velocity\velocity-tools\2.0\velocity-tools-2.0.jar;C:\Users\Mikhailnt\.m2\repository\commons-chain\commons-chain\1.1\commons-chain-1.1.jar;C:\Users\Mikhailnt\.m2\repository\dom4j\dom4j\1.1\dom4j-1.1.jar;C:\Users\Mikhailnt\.m2\repository\sslext\sslext\1.2-0\sslext-1.2-0.jar;C:\Users\Mikhailnt\.m2\repository\org\apache\struts\struts-core\1.3.8\struts-core-1.3.8.jar;C:\Users\Mikhailnt\.m2\repository\antlr\antlr\2.7.2\antlr-2.7.2.jar;C:\Users\Mikhailnt\.m2\repository\org\apache\struts\struts-taglib\1.3.8\struts-taglib-1.3.8.jar;C:\Users\Mikhailnt\.m2\repository\org\apache\struts\struts-tiles\1.3.8\struts-tiles-1.3.8.jar;C:\Users\Mikhailnt\.m2\repository\commons-validator\commons-validator\1.4.1\commons-validator-1.4.1.jar;C:\Users\Mikhailnt\.m2\repository\commons-digester\commons-digester\1.8.1\commons-digester-1.8.1.jar;C:\Users\Mikhailnt\.m2\repository\commons-beanutils\commons-beanutils\1.9.3\commons-beanutils-1.9.3.jar;C:\Users\Mikhailnt\.m2\repository\commons-collections\commons-collections\3.2.2\commons-collections-3.2.2.jar;C:\Users\Mikhailnt\.m2\repository\net\lingala\zip4j\zip4j\1.3.2\zip4j-1.3.2.jar;C:\Users\Mikhailnt\.m2\repository\org\apache\maven\plugin-tools\maven-plugin-annotations\3.2\maven-plugin-annotations-3.2.jar;C:\Users\Mikhailnt\.m2\repository\org\apache\maven\plugins\maven-jxr-plugin\2.5\maven-jxr-plugin-2.5.jar;C:\Users\Mikhailnt\.m2\repository\org\apache\velocity\velocity\1.5\velocity-1.5.jar;C:\Users\Mikhailnt\.m2\repository\oro\oro\2.0.8\oro-2.0.8.jar;C:\Users\Mikhailnt\.m2\repository\org\apache\maven\maven-jxr\2.5\maven-jxr-2.5.jar;C:\Users\Mikhailnt\.m2\repository\org\apache\maven\wagon\wagon-provider-api\1.0\wagon-provider-api-1.0.jar;C:\Users\Mikhailnt\.m2\repository\xml-apis\xml-apis\1.0.b2\xml-apis-1.0.b2.jar;C:\Users\Mikhailnt\.m2\repository\xalan\xalan\2.7.0\xalan-2.7.0.jar;C:\Users\Mikhailnt\.m2\repository\org\apache\maven\maven-plugin-api\3.8.1\maven-plugin-api-3.8.1.jar;C:\Users\Mikhailnt\.m2\repository\org\apache\maven\maven-model\3.8.1\maven-model-3.8.1.jar;C:\Users\Mikhailnt\.m2\repository\org\apache\maven\maven-artifact\3.8.1\maven-artifact-3.8.1.jar;C:\Users\Mikhailnt\.m2\repository\org\eclipse\sisu\org.eclipse.sisu.plexus\0.3.4\org.eclipse.sisu.plexus-0.3.4.jar;C:\Users\Mikhailnt\.m2\repository\javax\enterprise\cdi-api\1.0\cdi-api-1.0.jar;C:\Users\Mikhailnt\.m2\repository\javax\annotation\jsr250-api\1.0\jsr250-api-1.0.jar;C:\Users\Mikhailnt\.m2\repository\org\eclipse\sisu\org.eclipse.sisu.inject\0.3.4\org.eclipse.sisu.inject-0.3.4.jar;C:\Users\Mikhailnt\.m2\repository\org\codehaus\plexus\plexus-utils\3.2.1\plexus-utils-3.2.1.jar;C:\Users\Mikhailnt\.m2\repository\org\codehaus\plexus\plexus-classworlds\2.6.0\plexus-classworlds-2.6.0.jar;C:\Users\Mikhailnt\.m2\repository\io\github\artsok\rerunner-jupiter\2.1.6\rerunner-jupiter-2.1.6.jar;C:\Users\Mikhailnt\.m2\repository\org\junit\jupiter\junit-jupiter-engine\5.8.1\junit-jupiter-engine-5.8.1.jar;C:\Users\Mikhailnt\.m2\repository\org\junit\platform\junit-platform-engine\1.8.1\junit-platform-engine-1.8.1.jar;C:\Users\Mikhailnt\.m2\repository\org\junit\jupiter\junit-jupiter-params\5.8.1\junit-jupiter-params-5.8.1.jar;C:\Users\Mikhailnt\.m2\repository\io\qameta\allure\allure-junit5\2.15.0\allure-junit5-2.15.0.jar;C:\Users\Mikhailnt\.m2\repository\io\qameta\allure\allure-junit-platform\2.15.0\allure-junit-platform-2.15.0.jar;C:\Users\Mikhailnt\.m2\repository\io\qameta\allure\allure-java-commons\2.15.0\allure-java-commons-2.15.0.jar;C:\Users\Mikhailnt\.m2\repository\io\qameta\allure\allure-model\2.15.0\allure-model-2.15.0.jar;C:\Users\Mikhailnt\.m2\repository\io\qameta\allure\allure-test-filter\2.15.0\allure-test-filter-2.15.0.jar;C:\Users\Mikhailnt\.m2\repository\com\googlecode\json-simple\json-simple\1.1\json-simple-1.1.jar;C:\Users\Mikhailnt\.m2\repository\org\aspectj\aspectjweaver\1.8.10\aspectjweaver-1.8.10.jar;C:\Users\Mikhailnt\.m2\repository\io\rest-assured\rest-assured\4.3.3\rest-assured-4.3.3.jar;C:\Users\Mikhailnt\.m2\repository\org\codehaus\groovy\groovy\3.0.7\groovy-3.0.7.jar;C:\Users\Mikhailnt\.m2\repository\org\codehaus\groovy\groovy-xml\3.0.7\groovy-xml-3.0.7.jar;C:\Users\Mikhailnt\.m2\repository\org\apache\httpcomponents\httpmime\4.5.3\httpmime-4.5.3.jar;C:\Users\Mikhailnt\.m2\repository\org\hamcrest\hamcrest\2.1\hamcrest-2.1.jar;C:\Users\Mikhailnt\.m2\repository\org\ccil\cowan\tagsoup\tagsoup\1.2.1\tagsoup-1.2.1.jar;C:\Users\Mikhailnt\.m2\repository\io\rest-assured\json-path\4.3.3\json-path-4.3.3.jar;C:\Users\Mikhailnt\.m2\repository\org\codehaus\groovy\groovy-json\3.0.7\groovy-json-3.0.7.jar;C:\Users\Mikhailnt\.m2\repository\io\rest-assured\rest-assured-common\4.3.3\rest-assured-common-4.3.3.jar;C:\Users\Mikhailnt\.m2\repository\io\rest-assured\xml-path\4.3.3\xml-path-4.3.3.jar;C:\Users\Mikhailnt\.m2\repository\jakarta\xml\bind\jakarta.xml.bind-api\2.3.3\jakarta.xml.bind-api-2.3.3.jar;C:\Users\Mikhailnt\.m2\repository\jakarta\activation\jakarta.activation-api\1.2.2\jakarta.activation-api-1.2.2.jar;C:\Users\Mikhailnt\.m2\repository\com\sun\xml\bind\jaxb-impl\2.3.3\jaxb-impl-2.3.3.jar;C:\Users\Mikhailnt\.m2\repository\org\apache\maven\surefire\surefire-logger-api\2.22.2\surefire-logger-api-2.22.2.jar;C:\Users\Mikhailnt\.m2\repository\org\postgresql\postgresql\42.2.23\postgresql-42.2.23.jar;C:\Users\Mikhailnt\.m2\repository\org\checkerframework\checker-qual\3.5.0\checker-qual-3.5.0.jar;C:\Users\Mikhailnt\.m2\repository\org\apache\httpcomponents\httpclient\4.5.6\httpclient-4.5.6.jar;C:\Users\Mikhailnt\.m2\repository\org\apache\httpcomponents\httpcore\4.4.10\httpcore-4.4.10.jar;C:\Users\Mikhailnt\.m2\repository\commons-logging\commons-logging\1.2\commons-logging-1.2.jar;C:\Users\Mikhailnt\.m2\repository\commons-codec\commons-codec\1.10\commons-codec-1.10.jar;C:\Users\Mikhailnt\.m2\repository\org\apache\maven\plugins\maven-surefire-plugin\2.22.2\maven-surefire-plugin-2.22.2.jar;C:\Users\Mikhailnt\.m2\repository\org\apache\maven\surefire\maven-surefire-common\2.22.2\maven-surefire-common-2.22.2.jar;C:\Users\Mikhailnt\.m2\repository\org\apache\maven\surefire\surefire-api\2.22.2\surefire-api-2.22.2.jar;C:\Users\Mikhailnt\.m2\repository\org\apache\maven\surefire\surefire-booter\2.22.2\surefire-booter-2.22.2.jar;C:\Users\Mikhailnt\.m2\repository\org\apache\maven\maven-plugin-descriptor\2.2.1\maven-plugin-descriptor-2.2.1.jar;C:\Users\Mikhailnt\.m2\repository\org\apache\maven\maven-toolchain\2.2.1\maven-toolchain-2.2.1.jar;C:\Users\Mikhailnt\.m2\repository\org\codehaus\plexus\plexus-java\0.9.10\plexus-java-0.9.10.jar;C:\Users\Mikhailnt\.m2\repository\org\ow2\asm\asm\6.2\asm-6.2.jar;C:\Users\Mikhailnt\.m2\repository\com\thoughtworks\qdox\qdox\2.0-M8\qdox-2.0-M8.jar;C:\Users\Mikhailnt\.m2\repository\org\junit\platform\junit-platform-launcher\1.8.0-M1\junit-platform-launcher-1.8.0-M1.jar;C:\Users\Mikhailnt\.m2\repository\com\fasterxml\jackson\core\jackson-annotations\2.12.5\jackson-annotations-2.12.5.jar;C:\Users\Mikhailnt\.m2\repository\com\fasterxml\jackson\core\jackson-databind\2.12.5\jackson-databind-2.12.5.jar;C:\Users\Mikhailnt\.m2\repository\com\fasterxml\jackson\core\jackson-core\2.12.5\jackson-core-2.12.5.jar;"/>
    <property name="sun.cpu.endian" value="little"/>
    <property name="allure.results.directory" value="C:\QA_AUTOMATION\MFTV_Web_Desktop_Smoke_JUnit5_only\target\allure-results"/>
    <property name="user.home" value="C:\Users\Mikhailnt"/>
    <property name="user.language" value="ru"/>
    <property name="java.specification.vendor" value="Oracle Corporation"/>
    <property name="java.version.date" value="2021-04-20"/>
    <property name="java.home" value="C:\QA_AUTOMATION\Java\jdk-11.0.11"/>
    <property name="junit.jupiter.execution.parallel.mode.default" value="same_thread"/>
    <property name="file.separator" value="\"/>
    <property name="basedir" value="C:\QA_AUTOMATION\MFTV_Web_Desktop_Smoke_JUnit5_only\WebDriver"/>
    <property name="java.vm.compressedOopsMode" value="Zero based"/>
    <property name="line.separator" value="&#10;"/>
    <property name="java.specification.name" value="Java Platform API Specification"/>
    <property name="java.vm.specification.vendor" value="Oracle Corporation"/>
    <property name="java.awt.graphicsenv" value="sun.awt.Win32GraphicsEnvironment"/>
    <property name="surefire.real.class.path" value="C:\Users\MIKHAI~1\AppData\Local\Temp\surefire5868868208477750120\surefirebooter10871873986888414987.jar"/>
    <property name="user.script" value=""/>
    <property name="sun.management.compiler" value="HotSpot 64-Bit Tiered Compilers"/>
    <property name="java.runtime.version" value="11.0.11+9-LTS-194"/>
    <property name="user.name" value="Mikhailnt"/>
    <property name="path.separator" value=";"/>
    <property name="os.version" value="10.0"/>
    <property name="java.runtime.name" value="Java(TM) SE Runtime Environment"/>
    <property name="file.encoding" value="Cp1251"/>
    <property name="junit.jupiter.execution.parallel.mode.classes.default" value="concurrent"/>
    <property name="junit.jupiter.execution.parallel.config.strategy" value="fixed"/>
    <property name="java.vm.name" value="Java HotSpot(TM) 64-Bit Server VM"/>
    <property name="java.vendor.version" value="18.9"/>
    <property name="junit.jupiter.execution.parallel.enabled" value="true"/>
    <property name="localRepository" value="C:\Users\Mikhailnt\.m2\repository"/>
    <property name="java.vendor.url.bug" value="https://bugreport.java.com/bugreport/"/>
    <property name="java.io.tmpdir" value="C:\Users\MIKHAI~1\AppData\Local\Temp\"/>
    <property name="idea.version" value="2021.1.3"/>
    <property name="java.version" value="11.0.11"/>
    <property name="user.dir" value="C:\QA_AUTOMATION\MFTV_Web_Desktop_Smoke_JUnit5_only\WebDriver"/>
    <property name="os.arch" value="amd64"/>
    <property name="java.vm.specification.name" value="Java Virtual Machine Specification"/>
    <property name="java.awt.printerjob" value="sun.awt.windows.WPrinterJob"/>
    <property name="sun.os.patch.level" value=""/>
    <property name="java.library.path" value="C:\QA_AUTOMATION\Java\jdk-11.0.11\bin;C:\WINDOWS\Sun\Java\bin;C:\WINDOWS\system32;C:\WINDOWS;C:\QA_AUTOMATION\Java\jdk-11.0.11\bin;C:\QA_AUTOMATION\Java\jdk-11.0.11;C:\WINDOWS\system32;C:\WINDOWS;C:\WINDOWS\System32\Wbem;C:\WINDOWS\System32\WindowsPowerShell\v1.0\;C:\WINDOWS\System32\OpenSSH\;C:\Program Files (x86)\Intel\OpenCL SDK\2.0\bin\x86;C:\Program Files (x86)\Intel\OpenCL SDK\2.0\bin\x64;C:\Users\Mikhailnt\Documents\Android\apktool_2.3.4;C:\Program Files\PuTTY\;C:\platform-tools;C:\ffmpeg\bin;C:\Program Files\Docker\Docker\resources\bin;C:\ProgramData\DockerDesktop\version-bin;C:\Program Files\Git\cmd;C:\Program Files\JetBrains\IntelliJ IDEA 2020.2.1\bin;C:\QA_AUTOMATION\apache-maven-3.8.2\bin;C:\Users\Mikhailnt\AppData\Local\Programs\Fiddler;C:\Users\Mikhailnt\AppData\Local\Microsoft\WindowsApps;C:\QA_AUTOMATION\MFTV_Web_Desktop_Smoke_JUnit5_only\libs;;."/>
    <property name="junit.jupiter.execution.parallel.config.fixed.parallelism" value="3"/>
    <property name="java.vendor" value="Oracle Corporation"/>
    <property name="java.vm.info" value="mixed mode"/>
    <property name="java.vm.version" value="11.0.11+9-LTS-194"/>
    <property name="sun.io.unicode.encoding" value="UnicodeLittle"/>
    <property name="java.class.version" value="55.0"/>
  </properties>
  <testcase name="goToPackage" classname="TestSmokeWebDriver.P4_Sections_menu.P5_Packages_FRESH_at_16_08_21.Test_01_PACKAGES_Go_to_package_FRESH" time="5.105">
    <error message="Could not start a new session. Possible causes are invalid address of the remote server or browser start-up failure.&#10;Build info: version: &apos;3.141.59&apos;, revision: &apos;e82be7d358&apos;, time: &apos;2018-11-14T08:17:03&apos;&#10;System info: host: &apos;WIN-95R27CPAAG1&apos;, ip: &apos;172.21.17.195&apos;, os.name: &apos;Windows 10&apos;, os.arch: &apos;amd64&apos;, os.version: &apos;10.0&apos;, java.version: &apos;11.0.11&apos;&#10;Driver info: driver.version: TestBaseWebDriver" type="org.openqa.selenium.remote.UnreachableBrowserException">org.openqa.selenium.remote.UnreachableBrowserException: 
Could not start a new session. Possible causes are invalid address of the remote server or browser start-up failure.
Build info: version: '3.141.59', revision: 'e82be7d358', time: '2018-11-14T08:17:03'
System info: host: 'WIN-95R27CPAAG1', ip: '172.21.17.195', os.name: 'Windows 10', os.arch: 'amd64', os.version: '10.0', java.version: '11.0.11'
Driver info: driver.version: TestBaseWebDriver
Caused by: java.net.ConnectException: Failed to connect to /192.168.1.139:4444
Caused by: java.net.ConnectException: Connection refused: connect
</error>
  </testcase>
</testsuite>